<?xml version="1.0" encoding="UTF-8"?>
<!-- Generated by org.testng.reporters.JUnitReportReporter -->
<testsuite hostname="DESKTOP-47N4F1A" failures="0" tests="2" name="qaclickacademy.Mavenjava.AppiumTest" time="0.005" errors="0" timestamp="2020-12-16T00:33:24 EST" skipped="0">
  <testcase classname="qaclickacademy.Mavenjava.AppiumTest" name="iosApp" time="0.004"/>
  <system-out/>
  <testcase classname="qaclickacademy.Mavenjava.AppiumTest" name="nativeAppAndroid" time="0.001"/>
  <system-out/>
</testsuite> <!-- qaclickacademy.Mavenjava.AppiumTest -->
